e:\lua\luaarpg\protobuf-2.4.1\vsprojects\debug\code_generator.obj
e:\lua\luaarpg\protobuf-2.4.1\vsprojects\debug\command_line_interface.obj
e:\lua\luaarpg\protobuf-2.4.1\vsprojects\debug\cpp_enum.obj
e:\lua\luaarpg\protobuf-2.4.1\vsprojects\debug\cpp_enum_field.obj
e:\lua\luaarpg\protobuf-2.4.1\vsprojects\debug\cpp_extension.obj
e:\lua\luaarpg\protobuf-2.4.1\vsprojects\debug\cpp_field.obj
e:\lua\luaarpg\protobuf-2.4.1\vsprojects\debug\cpp_file.obj
e:\lua\luaarpg\protobuf-2.4.1\vsprojects\debug\cpp_generator.obj
e:\lua\luaarpg\protobuf-2.4.1\vsprojects\debug\cpp_helpers.obj
e:\lua\luaarpg\protobuf-2.4.1\vsprojects\debug\cpp_message.obj
e:\lua\luaarpg\protobuf-2.4.1\vsprojects\debug\cpp_message_field.obj
e:\lua\luaarpg\protobuf-2.4.1\vsprojects\debug\cpp_primitive_field.obj
e:\lua\luaarpg\protobuf-2.4.1\vsprojects\debug\cpp_service.obj
e:\lua\luaarpg\protobuf-2.4.1\vsprojects\debug\cpp_string_field.obj
e:\lua\luaarpg\protobuf-2.4.1\vsprojects\debug\java_enum.obj
e:\lua\luaarpg\protobuf-2.4.1\vsprojects\debug\java_enum_field.obj
e:\lua\luaarpg\protobuf-2.4.1\vsprojects\debug\java_extension.obj
e:\lua\luaarpg\protobuf-2.4.1\vsprojects\debug\java_field.obj
e:\lua\luaarpg\protobuf-2.4.1\vsprojects\debug\java_file.obj
e:\lua\luaarpg\protobuf-2.4.1\vsprojects\debug\java_generator.obj
e:\lua\luaarpg\protobuf-2.4.1\vsprojects\debug\java_helpers.obj
e:\lua\luaarpg\protobuf-2.4.1\vsprojects\debug\java_message.obj
e:\lua\luaarpg\protobuf-2.4.1\vsprojects\debug\java_message_field.obj
e:\lua\luaarpg\protobuf-2.4.1\vsprojects\debug\java_primitive_field.obj
e:\lua\luaarpg\protobuf-2.4.1\vsprojects\debug\java_service.obj
e:\lua\luaarpg\protobuf-2.4.1\vsprojects\debug\java_string_field.obj
e:\lua\luaarpg\protobuf-2.4.1\vsprojects\debug\plugin.obj
e:\lua\luaarpg\protobuf-2.4.1\vsprojects\debug\plugin.pb.obj
e:\lua\luaarpg\protobuf-2.4.1\vsprojects\debug\python_generator.obj
e:\lua\luaarpg\protobuf-2.4.1\vsprojects\debug\subprocess.obj
e:\lua\luaarpg\protobuf-2.4.1\vsprojects\debug\zip_writer.obj
e:\lua\luaarpg\protobuf-2.4.1\vsprojects\debug\libprotoc.idb
e:\lua\luaarpg\protobuf-2.4.1\vsprojects\debug\libprotoc.pdb
e:\lua\luaarpg\protobuf-2.4.1\vsprojects\debug\protoc.exe
